#
# A fatal error has been detected by the Java Runtime Environment:
#
#  EXCEPTION_ACCESS_VIOLATION (0xc0000005) at pc=0x0000000051d47532, pid=8372, tid=0x00000000000053fc
#
# JRE version: Java(TM) SE Runtime Environment (8.0_371) (build 1.8.0_371-b11)
# Java VM: Java HotSpot(TM) 64-Bit Server VM (25.371-b11 mixed mode windows-amd64 compressed oops)
# Problematic frame:
# V  [jvm.dll+0x117532]
#
# Failed to write core dump. Minidumps are not enabled by default on client versions of Windows
#
# If you would like to submit a bug report, please visit:
#   http://bugreport.java.com/bugreport/crash.jsp
#

---------------  T H R E A D  ---------------

Current thread (0x0000020e7cc6e800):  JavaThread "C1 CompilerThread9" daemon [_thread_in_vm, id=21500, stack(0x00000078b8000000,0x00000078b8100000)]

siginfo: ExceptionCode=0xc0000005, reading address 0xffffffffffffffff

Registers:
RAX=0x0000000000000008, RBX=0x00000078b80fd430, RCX=0x0000000000000008, RDX=0x0000020e7a9d3050
RSP=0x00000078b80fd010, RBP=0x0000000000000011, RSI=0x0000020e7a9d4b50, RDI=0x0000020e7a9d3050
R8 =0x0040000038d004f1, R9 =0x0000000000000010, R10=0x0000000000000000, R11=0x0000020e2217b058
R12=0x0000000000000000, R13=0x0000000000000000, R14=0x0000020e2217ac00, R15=0x0000020e7cc6e800
RIP=0x0000000051d47532, EFLAGS=0x0000000000010202

Top of Stack: (sp=0x00000078b80fd010)
0x00000078b80fd010:   0000000000000000 0000000051ccf970
0x00000078b80fd020:   00000078b80fd430 0000000000000001
0x00000078b80fd030:   0000000000000001 00000007c06e2a08
0x00000078b80fd040:   0000020e7cc6e800 0000000051cb07cc
0x00000078b80fd050:   0000020e7cc6e800 0000000051c6f26b
0x00000078b80fd060:   0000020e7a363bb8 0000020e7cc6e800
0x00000078b80fd070:   0000000000000028 00000078b80fd268
0x00000078b80fd080:   0000020e7eed4060 0000020e7a9d6ba0
0x00000078b80fd090:   0000371e44e842ef 0000020e7a9d6ba0
0x00000078b80fd0a0:   00000007c06e2a08 00000078b80fd298
0x00000078b80fd0b0:   0000020e7eed4060 0000020e7a9d6ba0
0x00000078b80fd0c0:   00000007c00258b8 0000020e7a9d6ba0
0x00000078b80fd0d0:   0000020e7cc6e800 0000000051cfc24b
0x00000078b80fd0e0:   0000020e7cc6e801 00000007c001d498
0x00000078b80fd0f0:   0000020e7586fbe0 0000000000000000
0x00000078b80fd100:   00000007c001d498 0000000051e3967a 

Instructions: (pc=0x0000000051d47532)
0x0000000051d47512:   4c 8b f1 44 8d 4d ff 45 85 c9 78 35 66 90 43 8d
0x0000000051d47522:   04 11 d1 f8 48 63 c8 4d 8b 5c ce 08 4d 8b 43 08
0x0000000051d47532:   49 8b 58 08 41 0f b7 48 22 48 39 7c cb 50 73 06
0x0000000051d47542:   44 8d 50 01 eb 06 74 22 44 8d 48 ff 45 3b d1 7e 


Register to memory mapping:

RAX=0x0000000000000008 is an unknown value
RBX=0x00000078b80fd430 is pointing into the stack for thread: 0x0000020e7cc6e800
RCX=0x0000000000000008 is an unknown value
RDX=0x0000020e7a9d3050 is an unknown value
RSP=0x00000078b80fd010 is pointing into the stack for thread: 0x0000020e7cc6e800
RBP=0x0000000000000011 is an unknown value
RSI=0x0000020e7a9d4b50 is an unknown value
RDI=0x0000020e7a9d3050 is an unknown value
R8 =0x0040000038d004f1 is an unknown value
R9 =0x0000000000000010 is an unknown value
R10=0x0000000000000000 is an unknown value
R11=0x0000020e2217b058 is pointing into metadata
R12=0x0000000000000000 is an unknown value
R13=0x0000000000000000 is an unknown value
R14=0x0000020e2217ac00 is pointing into metadata
R15=0x0000020e7cc6e800 is a thread


Stack: [0x00000078b8000000,0x00000078b8100000],  sp=0x00000078b80fd010,  free space=1012k
Native frames: (J=compiled Java code, j=interpreted, Vv=VM code, C=native code)
V  [jvm.dll+0x117532]
V  [jvm.dll+0x9f970]
V  [jvm.dll+0x9f432]
V  [jvm.dll+0x40582]
V  [jvm.dll+0x40a47c]
V  [jvm.dll+0x40c9ab]
V  [jvm.dll+0x40aef5]
V  [jvm.dll+0x413d4b]
V  [jvm.dll+0x4131db]
V  [jvm.dll+0x40a6a9]
V  [jvm.dll+0x40c9ab]
V  [jvm.dll+0x40aef5]
V  [jvm.dll+0x405158]
V  [jvm.dll+0x417de4]
V  [jvm.dll+0x417b52]
V  [jvm.dll+0x401b7a]
V  [jvm.dll+0x401eae]
V  [jvm.dll+0x402117]
V  [jvm.dll+0x401861]
V  [jvm.dll+0x4031ff]
V  [jvm.dll+0xb02c6]
V  [jvm.dll+0xae99f]
V  [jvm.dll+0x24e572]
V  [jvm.dll+0x2a76ac]
C  [ucrtbase.dll+0x37b0]
C  [KERNEL32.DLL+0x2e8d7]
C  [ntdll.dll+0xbbf6c]


Current CompileTask:
C1:81835077 8355   !   1       com.mysql.jdbc.MysqlIO::sqlQueryDirect (1777 bytes)


---------------  P R O C E S S  ---------------

Java Threads: ( => current thread )
  0x0000020e207df800 JavaThread "SessionValidationThread-1" daemon [_thread_blocked, id=17180, stack(0x00000078b5e00000,0x00000078b5f00000)]
  0x0000020e207de000 JavaThread "DestroyJavaVM" [_thread_blocked, id=4564, stack(0x00000078b6100000,0x00000078b6200000)]
  0x0000020e207df000 JavaThread "http-nio-8083-AsyncTimeout" daemon [_thread_blocked, id=27256, stack(0x00000078ba300000,0x00000078ba400000)]
  0x0000020e207dd800 JavaThread "http-nio-8083-Acceptor-0" daemon [_thread_in_native, id=14332, stack(0x00000078ba200000,0x00000078ba300000)]
  0x0000020e207d8000 JavaThread "http-nio-8083-ClientPoller-1" daemon [_thread_in_native, id=17868, stack(0x00000078ba100000,0x00000078ba200000)]
  0x0000020e207db000 JavaThread "http-nio-8083-ClientPoller-0" daemon [_thread_in_native, id=24812, stack(0x00000078ba000000,0x00000078ba100000)]
  0x0000020e207da800 JavaThread "http-nio-8083-exec-10" daemon [_thread_blocked, id=28528, stack(0x00000078b9f00000,0x00000078ba000000)]
  0x0000020e207d7800 JavaThread "http-nio-8083-exec-9" daemon [_thread_blocked, id=19576, stack(0x00000078b9e00000,0x00000078b9f00000)]
  0x0000020e207d9800 JavaThread "http-nio-8083-exec-8" daemon [_thread_blocked, id=13256, stack(0x00000078b9d00000,0x00000078b9e00000)]
  0x0000020e207d9000 JavaThread "http-nio-8083-exec-7" daemon [_thread_blocked, id=24188, stack(0x00000078b9c00000,0x00000078b9d00000)]
  0x0000020e207d6000 JavaThread "http-nio-8083-exec-6" daemon [_thread_blocked, id=24940, stack(0x00000078b9b00000,0x00000078b9c00000)]
  0x0000020e207d6800 JavaThread "http-nio-8083-exec-5" daemon [_thread_blocked, id=14508, stack(0x00000078b9a00000,0x00000078b9b00000)]
  0x0000020e1fbc6000 JavaThread "http-nio-8083-exec-4" daemon [_thread_blocked, id=13376, stack(0x00000078b9900000,0x00000078b9a00000)]
  0x0000020e1fbc6800 JavaThread "http-nio-8083-exec-3" daemon [_thread_blocked, id=8760, stack(0x00000078b9800000,0x00000078b9900000)]
  0x0000020e1fbc2000 JavaThread "http-nio-8083-exec-2" daemon [_thread_blocked, id=17728, stack(0x00000078b9700000,0x00000078b9800000)]
  0x0000020e1fbc5000 JavaThread "http-nio-8083-exec-1" daemon [_thread_blocked, id=2344, stack(0x00000078b9600000,0x00000078b9700000)]
  0x0000020e1fbc1800 JavaThread "NioBlockingSelector.BlockPoller-1" daemon [_thread_in_native, id=18044, stack(0x00000078b9400000,0x00000078b9500000)]
  0x0000020e1fbc3800 JavaThread "pool-1-thread-1" [_thread_in_Java, id=26936, stack(0x00000078b9300000,0x00000078b9400000)]
  0x0000020e1fbc4800 JavaThread "Live Reload Server" daemon [_thread_in_native, id=3800, stack(0x00000078b9500000,0x00000078b9600000)]
  0x0000020e1fbc3000 JavaThread "File Watcher" daemon [_thread_in_Java, id=17284, stack(0x00000078b9200000,0x00000078b9300000)]
  0x0000020e1fbbd000 JavaThread "IdleConnectionMonitorThread" daemon [_thread_blocked, id=16256, stack(0x00000078b9100000,0x00000078b9200000)]
  0x0000020e1fbc0000 JavaThread "container-0" [_thread_blocked, id=9084, stack(0x00000078b9000000,0x00000078b9100000)]
  0x0000020e1fbb9000 JavaThread "ContainerBackgroundProcessor[StandardEngine[Tomcat]]" daemon [_thread_blocked, id=24152, stack(0x00000078b8f00000,0x00000078b9000000)]
  0x0000020e1fbb7800 JavaThread "Druid-ConnectionPool-Destroy-1894441456" daemon [_thread_blocked, id=25052, stack(0x00000078b8c00000,0x00000078b8d00000)]
  0x0000020e1fd1f800 JavaThread "Druid-ConnectionPool-Create-1894441456" daemon [_thread_blocked, id=25288, stack(0x00000078b8b00000,0x00000078b8c00000)]
  0x0000020e1fd0f800 JavaThread "Abandoned connection cleanup thread" daemon [_thread_blocked, id=16136, stack(0x00000078b8800000,0x00000078b8900000)]
  0x0000020e7ceff800 JavaThread "RMI Scheduler(0)" daemon [_thread_blocked, id=6616, stack(0x00000078b8a00000,0x00000078b8b00000)]
  0x0000020e7e756800 JavaThread "RMI TCP Accept-0" daemon [_thread_in_native, id=16344, stack(0x00000078b8400000,0x00000078b8500000)]
  0x0000020e7cd40800 JavaThread "Service Thread" daemon [_thread_blocked, id=23328, stack(0x00000078b8300000,0x00000078b8400000)]
  0x0000020e7cc6f800 JavaThread "C1 CompilerThread11" daemon [_thread_blocked, id=7932, stack(0x00000078b8200000,0x00000078b8300000)]
  0x0000020e7cc71800 JavaThread "C1 CompilerThread10" daemon [_thread_blocked, id=5544, stack(0x00000078b8100000,0x00000078b8200000)]
=>0x0000020e7cc6e800 JavaThread "C1 CompilerThread9" daemon [_thread_in_vm, id=21500, stack(0x00000078b8000000,0x00000078b8100000)]
  0x0000020e7cc71000 JavaThread "C1 CompilerThread8" daemon [_thread_blocked, id=16912, stack(0x00000078b7f00000,0x00000078b8000000)]
  0x0000020e7cc6b000 JavaThread "C2 CompilerThread7" daemon [_thread_blocked, id=23540, stack(0x00000078b7e00000,0x00000078b7f00000)]
  0x0000020e7cc6e000 JavaThread "C2 CompilerThread6" daemon [_thread_blocked, id=25864, stack(0x00000078b7d00000,0x00000078b7e00000)]
  0x0000020e7cc6d000 JavaThread "C2 CompilerThread5" daemon [_thread_blocked, id=7232, stack(0x00000078b7c00000,0x00000078b7d00000)]
  0x0000020e7cc6c800 JavaThread "C2 CompilerThread4" daemon [_thread_blocked, id=15304, stack(0x00000078b7b00000,0x00000078b7c00000)]
  0x0000020e7cc6b800 JavaThread "C2 CompilerThread3" daemon [_thread_blocked, id=22764, stack(0x00000078b7a00000,0x00000078b7b00000)]
  0x0000020e7cc65800 JavaThread "C2 CompilerThread2" daemon [_thread_blocked, id=19460, stack(0x00000078b7900000,0x00000078b7a00000)]
  0x0000020e7cc63000 JavaThread "C2 CompilerThread1" daemon [_thread_blocked, id=13884, stack(0x00000078b7800000,0x00000078b7900000)]
  0x0000020e7cc5f800 JavaThread "C2 CompilerThread0" daemon [_thread_blocked, id=11248, stack(0x00000078b7700000,0x00000078b7800000)]
  0x0000020e7cc3b800 JavaThread "JDWP Command Reader" daemon [_thread_in_native, id=11048, stack(0x00000078b7600000,0x00000078b7700000)]
  0x0000020e7cc36800 JavaThread "JDWP Event Helper Thread" daemon [_thread_blocked, id=14272, stack(0x00000078b7500000,0x00000078b7600000)]
  0x0000020e7cc34000 JavaThread "JDWP Transport Listener: dt_socket" daemon [_thread_blocked, id=17864, stack(0x00000078b7400000,0x00000078b7500000)]
  0x0000020e7cc26800 JavaThread "Attach Listener" daemon [_thread_blocked, id=2476, stack(0x00000078b7300000,0x00000078b7400000)]
  0x0000020e7cc25800 JavaThread "Signal Dispatcher" daemon [_thread_blocked, id=22032, stack(0x00000078b7200000,0x00000078b7300000)]
  0x0000020e7aeae800 JavaThread "Finalizer" daemon [_thread_blocked, id=22760, stack(0x00000078b7100000,0x00000078b7200000)]
  0x0000020e7cba2000 JavaThread "Reference Handler" daemon [_thread_blocked, id=27844, stack(0x00000078b7000000,0x00000078b7100000)]

Other Threads:
  0x0000020e758cf800 VMThread [stack: 0x00000078b6f00000,0x00000078b7000000] [id=27576]
  0x0000020e7e769800 WatcherThread [stack: 0x00000078b8500000,0x00000078b8600000] [id=5536]

VM state:not at safepoint (normal execution)

VM Mutex/Monitor currently owned by a thread:  ([mutex/lock_event])
[0x0000020e7583b000] Compile_lock - owner thread: 0x0000020e7cc6e800

heap address: 0x00000005c1400000, size: 8172 MB, Compressed Oops mode: Zero based, Oop shift amount: 3
Narrow klass base: 0x0000000000000000, Narrow klass shift: 3
Compressed class space size: 1073741824 Address: 0x00000007c0000000

Heap:
 PSYoungGen      total 68096K, used 24720K [0x0000000715c00000, 0x000000071a080000, 0x00000007c0000000)
  eden space 67584K, 36% used [0x0000000715c00000,0x000000071741c108,0x0000000719e00000)
  from space 512K, 6% used [0x000000071a000000,0x000000071a008000,0x000000071a080000)
  to   space 1024K, 0% used [0x0000000719e80000,0x0000000719e80000,0x0000000719f80000)
 ParOldGen       total 443904K, used 58612K [0x00000005c1400000, 0x00000005dc580000, 0x0000000715c00000)
  object space 443904K, 13% used [0x00000005c1400000,0x00000005c4d3d170,0x00000005dc580000)
 Metaspace       used 60034K, capacity 62740K, committed 63016K, reserved 1103872K
  class space    used 7417K, capacity 7867K, committed 7984K, reserved 1048576K

Card table byte_map: [0x0000020e77720000,0x0000020e78720000] byte_map_base: 0x0000020e74916000

Marking Bits: (ParMarkBitMap*) 0x000000005245d980
 Begin Bits: [0x0000020e0f000000, 0x0000020e16fb0000)
 End Bits:   [0x0000020e16fb0000, 0x0000020e1ef60000)

Polling page: 0x0000020e75a30000

CodeCache: size=245760Kb used=18455Kb max_used=18455Kb free=227304Kb
 bounds [0x0000020e00000000, 0x0000020e01210000, 0x0000020e0f000000]
 total_blobs=8780 nmethods=8194 adapters=500
 compilation: enabled

Compilation events (10 events):
Event: 80035.071 Thread 0x0000020e7cc6e800 nmethod 8353 0x0000020e012046d0 code [0x0000020e01204820, 0x0000020e01204998]
Event: 80035.071 Thread 0x0000020e7cc6f800 nmethod 8352 0x0000020e01204a90 code [0x0000020e01204be0, 0x0000020e01204d58]
Event: 80035.071 Thread 0x0000020e7cc6e800 8354       1       com.mysql.jdbc.MysqlIO::reclaimLargeReusablePacket (34 bytes)
Event: 80035.071 Thread 0x0000020e7cc71800 nmethod 8346 0x0000020e01204e50 code [0x0000020e01205020, 0x0000020e01205830]
Event: 80035.071 Thread 0x0000020e7cc6e800 nmethod 8354 0x0000020e01206010 code [0x0000020e01206180, 0x0000020e01206370]
Event: 80035.072 Thread 0x0000020e7cc71000 nmethod 8350 0x0000020e01206490 code [0x0000020e012067c0, 0x0000020e01207ba0]
Event: 81835.048 Thread 0x0000020e7cc6e800 8355   !   1       com.mysql.jdbc.MysqlIO::sqlQueryDirect (1777 bytes)
Event: 81835.048 Thread 0x0000020e7cc6f800 8356       1       com.alibaba.druid.filter.FilterChainImpl::resultSet_getMetaData (60 bytes)
Event: 81835.048 Thread 0x0000020e7cc6f800 nmethod 8356 0x0000020e01209b10 code [0x0000020e01209cc0, 0x0000020e0120a170]
Event: 81835.049 Thread 0x0000020e7cc71800 8357       1       java.util.concurrent.locks.AbstractQueuedSynchronizer::isOnSyncQueue (33 bytes)

GC Heap History (10 events):
Event: 81562.468 GC heap before
{Heap before GC invocations=479 (full 3):
 PSYoungGen      total 68096K, used 67968K [0x0000000715c00000, 0x000000071a080000, 0x00000007c0000000)
  eden space 67584K, 100% used [0x0000000715c00000,0x0000000719e00000,0x0000000719e00000)
  from space 512K, 75% used [0x0000000719f80000,0x0000000719fe0000,0x000000071a000000)
  to   space 512K, 0% used [0x000000071a000000,0x000000071a000000,0x000000071a080000)
 ParOldGen       total 443904K, used 58612K [0x00000005c1400000, 0x00000005dc580000, 0x0000000715c00000)
  object space 443904K, 13% used [0x00000005c1400000,0x00000005c4d3d170,0x00000005dc580000)
 Metaspace       used 60034K, capacity 62740K, committed 63016K, reserved 1103872K
  class space    used 7417K, capacity 7867K, committed 7984K, reserved 1048576K
Event: 81562.470 GC heap after
Heap after GC invocations=479 (full 3):
 PSYoungGen      total 68096K, used 224K [0x0000000715c00000, 0x000000071a080000, 0x00000007c0000000)
  eden space 67584K, 0% used [0x0000000715c00000,0x0000000715c00000,0x0000000719e00000)
  from space 512K, 43% used [0x000000071a000000,0x000000071a038000,0x000000071a080000)
  to   space 512K, 0% used [0x0000000719f80000,0x0000000719f80000,0x000000071a000000)
 ParOldGen       total 443904K, used 58612K [0x00000005c1400000, 0x00000005dc580000, 0x0000000715c00000)
  object space 443904K, 13% used [0x00000005c1400000,0x00000005c4d3d170,0x00000005dc580000)
 Metaspace       used 60034K, capacity 62740K, committed 63016K, reserved 1103872K
  class space    used 7417K, capacity 7867K, committed 7984K, reserved 1048576K
}
Event: 81625.543 GC heap before
{Heap before GC invocations=480 (full 3):
 PSYoungGen      total 68096K, used 67808K [0x0000000715c00000, 0x000000071a080000, 0x00000007c0000000)
  eden space 67584K, 100% used [0x0000000715c00000,0x0000000719e00000,0x0000000719e00000)
  from space 512K, 43% used [0x000000071a000000,0x000000071a038000,0x000000071a080000)
  to   space 512K, 0% used [0x0000000719f80000,0x0000000719f80000,0x000000071a000000)
 ParOldGen       total 443904K, used 58612K [0x00000005c1400000, 0x00000005dc580000, 0x0000000715c00000)
  object space 443904K, 13% used [0x00000005c1400000,0x00000005c4d3d170,0x00000005dc580000)
 Metaspace       used 60034K, capacity 62740K, committed 63016K, reserved 1103872K
  class space    used 7417K, capacity 7867K, committed 7984K, reserved 1048576K
Event: 81625.545 GC heap after
Heap after GC invocations=480 (full 3):
 PSYoungGen      total 68096K, used 288K [0x0000000715c00000, 0x000000071a080000, 0x00000007c0000000)
  eden space 67584K, 0% used [0x0000000715c00000,0x0000000715c00000,0x0000000719e00000)
  from space 512K, 56% used [0x0000000719f80000,0x0000000719fc8000,0x000000071a000000)
  to   space 512K, 0% used [0x000000071a000000,0x000000071a000000,0x000000071a080000)
 ParOldGen       total 443904K, used 58612K [0x00000005c1400000, 0x00000005dc580000, 0x0000000715c00000)
  object space 443904K, 13% used [0x00000005c1400000,0x00000005c4d3d170,0x00000005dc580000)
 Metaspace       used 60034K, capacity 62740K, committed 63016K, reserved 1103872K
  class space    used 7417K, capacity 7867K, committed 7984K, reserved 1048576K
}
Event: 81688.532 GC heap before
{Heap before GC invocations=481 (full 3):
 PSYoungGen      total 68096K, used 67872K [0x0000000715c00000, 0x000000071a080000, 0x00000007c0000000)
  eden space 67584K, 100% used [0x0000000715c00000,0x0000000719e00000,0x0000000719e00000)
  from space 512K, 56% used [0x0000000719f80000,0x0000000719fc8000,0x000000071a000000)
  to   space 512K, 0% used [0x000000071a000000,0x000000071a000000,0x000000071a080000)
 ParOldGen       total 443904K, used 58612K [0x00000005c1400000, 0x00000005dc580000, 0x0000000715c00000)
  object space 443904K, 13% used [0x00000005c1400000,0x00000005c4d3d170,0x00000005dc580000)
 Metaspace       used 60034K, capacity 62740K, committed 63016K, reserved 1103872K
  class space    used 7417K, capacity 7867K, committed 7984K, reserved 1048576K
Event: 81688.534 GC heap after
Heap after GC invocations=481 (full 3):
 PSYoungGen      total 68096K, used 288K [0x0000000715c00000, 0x000000071a080000, 0x00000007c0000000)
  eden space 67584K, 0% used [0x0000000715c00000,0x0000000715c00000,0x0000000719e00000)
  from space 512K, 56% used [0x000000071a000000,0x000000071a048000,0x000000071a080000)
  to   space 512K, 0% used [0x0000000719f80000,0x0000000719f80000,0x000000071a000000)
 ParOldGen       total 443904K, used 58612K [0x00000005c1400000, 0x00000005dc580000, 0x0000000715c00000)
  object space 443904K, 13% used [0x00000005c1400000,0x00000005c4d3d170,0x00000005dc580000)
 Metaspace       used 60034K, capacity 62740K, committed 63016K, reserved 1103872K
  class space    used 7417K, capacity 7867K, committed 7984K, reserved 1048576K
}
Event: 81751.446 GC heap before
{Heap before GC invocations=482 (full 3):
 PSYoungGen      total 68096K, used 67872K [0x0000000715c00000, 0x000000071a080000, 0x00000007c0000000)
  eden space 67584K, 100% used [0x0000000715c00000,0x0000000719e00000,0x0000000719e00000)
  from space 512K, 56% used [0x000000071a000000,0x000000071a048000,0x000000071a080000)
  to   space 512K, 0% used [0x0000000719f80000,0x0000000719f80000,0x000000071a000000)
 ParOldGen       total 443904K, used 58612K [0x00000005c1400000, 0x00000005dc580000, 0x0000000715c00000)
  object space 443904K, 13% used [0x00000005c1400000,0x00000005c4d3d170,0x00000005dc580000)
 Metaspace       used 60034K, capacity 62740K, committed 63016K, reserved 1103872K
  class space    used 7417K, capacity 7867K, committed 7984K, reserved 1048576K
Event: 81751.448 GC heap after
Heap after GC invocations=482 (full 3):
 PSYoungGen      total 68096K, used 416K [0x0000000715c00000, 0x000000071a080000, 0x00000007c0000000)
  eden space 67584K, 0% used [0x0000000715c00000,0x0000000715c00000,0x0000000719e00000)
  from space 512K, 81% used [0x0000000719f80000,0x0000000719fe8000,0x000000071a000000)
  to   space 512K, 0% used [0x000000071a000000,0x000000071a000000,0x000000071a080000)
 ParOldGen       total 443904K, used 58612K [0x00000005c1400000, 0x00000005dc580000, 0x0000000715c00000)
  object space 443904K, 13% used [0x00000005c1400000,0x00000005c4d3d170,0x00000005dc580000)
 Metaspace       used 60034K, capacity 62740K, committed 63016K, reserved 1103872K
  class space    used 7417K, capacity 7867K, committed 7984K, reserved 1048576K
}
Event: 81813.768 GC heap before
{Heap before GC invocations=483 (full 3):
 PSYoungGen      total 68096K, used 68000K [0x0000000715c00000, 0x000000071a080000, 0x00000007c0000000)
  eden space 67584K, 100% used [0x0000000715c00000,0x0000000719e00000,0x0000000719e00000)
  from space 512K, 81% used [0x0000000719f80000,0x0000000719fe8000,0x000000071a000000)
  to   space 512K, 0% used [0x000000071a000000,0x000000071a000000,0x000000071a080000)
 ParOldGen       total 443904K, used 58612K [0x00000005c1400000, 0x00000005dc580000, 0x0000000715c00000)
  object space 443904K, 13% used [0x00000005c1400000,0x00000005c4d3d170,0x00000005dc580000)
 Metaspace       used 60034K, capacity 62740K, committed 63016K, reserved 1103872K
  class space    used 7417K, capacity 7867K, committed 7984K, reserved 1048576K
Event: 81813.770 GC heap after
Heap after GC invocations=483 (full 3):
 PSYoungGen      total 68096K, used 32K [0x0000000715c00000, 0x000000071a080000, 0x00000007c0000000)
  eden space 67584K, 0% used [0x0000000715c00000,0x0000000715c00000,0x0000000719e00000)
  from space 512K, 6% used [0x000000071a000000,0x000000071a008000,0x000000071a080000)
  to   space 1024K, 0% used [0x0000000719e80000,0x0000000719e80000,0x0000000719f80000)
 ParOldGen       total 443904K, used 58612K [0x00000005c1400000, 0x00000005dc580000, 0x0000000715c00000)
  object space 443904K, 13% used [0x00000005c1400000,0x00000005c4d3d170,0x00000005dc580000)
 Metaspace       used 60034K, capacity 62740K, committed 63016K, reserved 1103872K
  class space    used 7417K, capacity 7867K, committed 7984K, reserved 1048576K
}

Deoptimization events (0 events):
No events

Classes redefined (0 events):
No events

Internal exceptions (10 events):
Event: 70.134 Thread 0x0000020e1fbc5000 Exception <a 'java/lang/ClassNotFoundException': org/springframework/web/servlet/ThemeResolverCustomizer> (0x0000000728e1a900) thrown at [C:\jenkins\workspace\8-2-build-windows-x64-cygwin\jdk8u371\3355\hotspot\src\share\vm\classfile\systemDictionary.cpp, 
Event: 70.138 Thread 0x0000020e1fbc5000 Exception <a 'java/lang/ClassNotFoundException': java/lang/ObjectCustomizer> (0x0000000728e72888) thrown at [C:\jenkins\workspace\8-2-build-windows-x64-cygwin\jdk8u371\3355\hotspot\src\share\vm\classfile\systemDictionary.cpp, line 212]
Event: 70.139 Thread 0x0000020e1fbc5000 Exception <a 'java/lang/ClassNotFoundException': org/springframework/web/servlet/view/DefaultRequestToViewNameTranslatorCustomizer> (0x0000000728ea52e0) thrown at [C:\jenkins\workspace\8-2-build-windows-x64-cygwin\jdk8u371\3355\hotspot\src\share\vm\classf
Event: 70.140 Thread 0x0000020e1fbc5000 Exception <a 'java/lang/ClassNotFoundException': org/springframework/web/servlet/RequestToViewNameTranslatorCustomizer> (0x0000000728ee1778) thrown at [C:\jenkins\workspace\8-2-build-windows-x64-cygwin\jdk8u371\3355\hotspot\src\share\vm\classfile\systemDi
Event: 70.143 Thread 0x0000020e1fbc5000 Exception <a 'java/lang/ClassNotFoundException': java/lang/ObjectCustomizer> (0x0000000728f43db0) thrown at [C:\jenkins\workspace\8-2-build-windows-x64-cygwin\jdk8u371\3355\hotspot\src\share\vm\classfile\systemDictionary.cpp, line 212]
Event: 70.145 Thread 0x0000020e1fbc5000 Exception <a 'java/lang/ClassNotFoundException': org/springframework/web/servlet/support/AbstractFlashMapManagerCustomizer> (0x0000000728f73398) thrown at [C:\jenkins\workspace\8-2-build-windows-x64-cygwin\jdk8u371\3355\hotspot\src\share\vm\classfile\syst
Event: 70.146 Thread 0x0000020e1fbc5000 Exception <a 'java/lang/ClassNotFoundException': org/springframework/web/servlet/support/SessionFlashMapManagerCustomizer> (0x0000000728fa6860) thrown at [C:\jenkins\workspace\8-2-build-windows-x64-cygwin\jdk8u371\3355\hotspot\src\share\vm\classfile\syste
Event: 70.147 Thread 0x0000020e1fbc5000 Exception <a 'java/lang/ClassNotFoundException': org/springframework/web/servlet/FlashMapManagerCustomizer> (0x0000000728fcf138) thrown at [C:\jenkins\workspace\8-2-build-windows-x64-cygwin\jdk8u371\3355\hotspot\src\share\vm\classfile\systemDictionary.cpp
Event: 70.385 Thread 0x0000020e1fbc6800 Exception <a 'java/lang/NoSuchMethodError': java.lang.Object.lambda$andThen$1(Ljava/util/function/Function;Ljava/lang/Object;)Ljava/lang/Object;> (0x0000000729899fc8) thrown at [C:\jenkins\workspace\8-2-build-windows-x64-cygwin\jdk8u371\3355\hotspot\src\s
Event: 70.400 Thread 0x0000020e1fbc6800 Exception <a 'java/lang/NoSuchMethodError': java.lang.Object.lambda$thenComparing$36697e65$1(Ljava/util/Comparator;Ljava/lang/Object;Ljava/lang/Object;)I> (0x0000000729b18850) thrown at [C:\jenkins\workspace\8-2-build-windows-x64-cygwin\jdk8u371\3355\hots

Events (10 events):
Event: 81562.468 Executing VM operation: ParallelGCFailedAllocation
Event: 81562.470 Executing VM operation: ParallelGCFailedAllocation done
Event: 81625.543 Executing VM operation: ParallelGCFailedAllocation
Event: 81625.545 Executing VM operation: ParallelGCFailedAllocation done
Event: 81688.532 Executing VM operation: ParallelGCFailedAllocation
Event: 81688.534 Executing VM operation: ParallelGCFailedAllocation done
Event: 81751.446 Executing VM operation: ParallelGCFailedAllocation
Event: 81751.448 Executing VM operation: ParallelGCFailedAllocation done
Event: 81813.768 Executing VM operation: ParallelGCFailedAllocation
Event: 81813.770 Executing VM operation: ParallelGCFailedAllocation done


Dynamic libraries:
0x00007ff6d63a0000 - 0x00007ff6d63ea000 	C:\Program Files\Java\jdk-1.8\bin\java.exe
0x00007ffeb9140000 - 0x00007ffeb93a3000 	C:\WINDOWS\SYSTEM32\ntdll.dll
0x00007ffeb7f70000 - 0x00007ffeb8037000 	C:\WINDOWS\System32\KERNEL32.DLL
0x00007ffeb6700000 - 0x00007ffeb6ac9000 	C:\WINDOWS\System32\KERNELBASE.dll
0x00007ffeb72d0000 - 0x00007ffeb7382000 	C:\WINDOWS\System32\ADVAPI32.dll
0x00007ffeb7470000 - 0x00007ffeb7519000 	C:\WINDOWS\System32\msvcrt.dll
0x00007ffeb73c0000 - 0x00007ffeb7466000 	C:\WINDOWS\System32\sechost.dll
0x00007ffeb85b0000 - 0x00007ffeb86c6000 	C:\WINDOWS\System32\RPCRT4.dll
0x00007ffeb7010000 - 0x00007ffeb71da000 	C:\WINDOWS\System32\USER32.dll
0x00007ffeb6c50000 - 0x00007ffeb6c77000 	C:\WINDOWS\System32\win32u.dll
0x00007ffeb8f80000 - 0x00007ffeb8faa000 	C:\WINDOWS\System32\GDI32.dll
0x00007ffeb6340000 - 0x00007ffeb6471000 	C:\WINDOWS\System32\gdi32full.dll
0x00007ffeb6d40000 - 0x00007ffeb6de3000 	C:\WINDOWS\System32\msvcp_win.dll
0x00007ffeb6480000 - 0x00007ffeb65cc000 	C:\WINDOWS\System32\ucrtbase.dll
0x00007ffea0410000 - 0x00007ffea06a0000 	C:\WINDOWS\WinSxS\amd64_microsoft.windows.common-controls_6595b64144ccf1df_6.0.26100.3323_none_3e088096e3344490\COMCTL32.dll
0x00007ffeb6f60000 - 0x00007ffeb6f8f000 	C:\WINDOWS\System32\IMM32.DLL
0x00007ffea1530000 - 0x00007ffea154b000 	C:\Program Files\Java\jdk-1.8\jre\bin\vcruntime140.dll
0x00007ffea4340000 - 0x00007ffea434c000 	C:\Program Files\Java\jdk-1.8\jre\bin\vcruntime140_1.dll
0x00007ffe88610000 - 0x00007ffe8869e000 	C:\Program Files\Java\jdk-1.8\jre\bin\msvcp140.dll
0x0000000051c30000 - 0x00000000524d7000 	C:\Program Files\Java\jdk-1.8\jre\bin\server\jvm.dll
0x00007ffeb9060000 - 0x00007ffeb9068000 	C:\WINDOWS\System32\PSAPI.DLL
0x00007ffea4280000 - 0x00007ffea428a000 	C:\WINDOWS\SYSTEM32\WSOCK32.dll
0x00007ffeab2b0000 - 0x00007ffeab2e6000 	C:\WINDOWS\SYSTEM32\WINMM.dll
0x00007ffea92d0000 - 0x00007ffea92db000 	C:\WINDOWS\SYSTEM32\VERSION.dll
0x00007ffeb8f00000 - 0x00007ffeb8f74000 	C:\WINDOWS\System32\WS2_32.dll
0x00007ffeb5130000 - 0x00007ffeb514a000 	C:\WINDOWS\SYSTEM32\kernel.appcore.dll
0x00007ffea3670000 - 0x00007ffea3680000 	C:\Program Files\Java\jdk-1.8\jre\bin\verify.dll
0x00007ffea0cb0000 - 0x00007ffea0cdb000 	C:\Program Files\Java\jdk-1.8\jre\bin\java.dll
0x00007ffea0c70000 - 0x00007ffea0ca6000 	C:\Program Files\Java\jdk-1.8\jre\bin\jdwp.dll
0x00007ffea3340000 - 0x00007ffea3349000 	C:\Program Files\Java\jdk-1.8\jre\bin\npt.dll
0x00007ffe9e110000 - 0x00007ffe9e144000 	C:\Program Files\Java\jdk-1.8\jre\bin\instrument.dll
0x00007ffea14b0000 - 0x00007ffea14c8000 	C:\Program Files\Java\jdk-1.8\jre\bin\zip.dll
0x00007ffeb86d0000 - 0x00007ffeb8de5000 	C:\WINDOWS\System32\SHELL32.dll
0x00007ffeb6df0000 - 0x00007ffeb6f58000 	C:\WINDOWS\System32\wintypes.dll
0x00007ffeb8220000 - 0x00007ffeb85a2000 	C:\WINDOWS\System32\combase.dll
0x00007ffeb4030000 - 0x00007ffeb4875000 	C:\WINDOWS\SYSTEM32\windows.storage.dll
0x00007ffeb71e0000 - 0x00007ffeb72cb000 	C:\WINDOWS\System32\SHCORE.dll
0x00007ffeb8040000 - 0x00007ffeb809d000 	C:\WINDOWS\System32\shlwapi.dll
0x00007ffeb6250000 - 0x00007ffeb627f000 	C:\WINDOWS\SYSTEM32\profapi.dll
0x00007ffea0d60000 - 0x00007ffea0d6a000 	C:\Program Files\Java\jdk-1.8\jre\bin\dt_socket.dll
0x00007ffeb5650000 - 0x00007ffeb56ba000 	C:\WINDOWS\system32\mswsock.dll
0x00007ffe9d190000 - 0x00007ffe9d1ac000 	C:\Program Files\Java\jdk-1.8\jre\bin\net.dll
0x00007ffeb4c60000 - 0x00007ffeb4d85000 	C:\WINDOWS\SYSTEM32\DNSAPI.dll
0x00007ffeb4bc0000 - 0x00007ffeb4bf3000 	C:\WINDOWS\SYSTEM32\IPHLPAPI.DLL
0x00007ffeb80b0000 - 0x00007ffeb80ba000 	C:\WINDOWS\System32\NSI.dll
0x00007ffeaa490000 - 0x00007ffeaa49b000 	C:\Windows\System32\rasadhlp.dll
0x00007ffeab060000 - 0x00007ffeab0e5000 	C:\WINDOWS\System32\fwpuclnt.dll
0x00007ffea06c0000 - 0x00007ffea06cd000 	C:\Program Files\Java\jdk-1.8\jre\bin\management.dll
0x00007ffe9d170000 - 0x00007ffe9d183000 	C:\Program Files\Java\jdk-1.8\jre\bin\nio.dll
0x00007ffeb58f0000 - 0x00007ffeb590c000 	C:\WINDOWS\SYSTEM32\CRYPTSP.dll
0x00007ffeb5090000 - 0x00007ffeb50ca000 	C:\WINDOWS\system32\rsaenh.dll
0x00007ffeb56f0000 - 0x00007ffeb571b000 	C:\WINDOWS\SYSTEM32\USERENV.dll
0x00007ffeb5b60000 - 0x00007ffeb5b86000 	C:\WINDOWS\SYSTEM32\bcrypt.dll
0x00007ffeb65d0000 - 0x00007ffeb6669000 	C:\WINDOWS\System32\bcryptprimitives.dll
0x00007ffeb5b10000 - 0x00007ffeb5b1c000 	C:\WINDOWS\SYSTEM32\CRYPTBASE.dll
0x00007ffeab450000 - 0x00007ffeab46f000 	C:\WINDOWS\SYSTEM32\dhcpcsvc6.DLL
0x00007ffeab420000 - 0x00007ffeab445000 	C:\WINDOWS\SYSTEM32\dhcpcsvc.DLL
0x00007ffea1200000 - 0x00007ffea1218000 	C:\WINDOWS\system32\napinsp.dll
0x00007ffea11e0000 - 0x00007ffea11f2000 	C:\WINDOWS\System32\winrnr.dll
0x00007ffea11b0000 - 0x00007ffea11d2000 	C:\WINDOWS\system32\nlansp_c.dll
0x00007ffea1190000 - 0x00007ffea11a6000 	C:\WINDOWS\system32\wshbth.dll
0x00007ffe8acb0000 - 0x00007ffe8acd5000 	C:\Program Files\Java\jdk-1.8\jre\bin\sunec.dll
0x00007ffeb3970000 - 0x00007ffeb3bb1000 	C:\WINDOWS\SYSTEM32\dbghelp.dll
0x00007ffeb80c0000 - 0x00007ffeb8196000 	C:\WINDOWS\System32\OLEAUT32.dll

VM Arguments:
jvm_args: -agentlib:jdwp=transport=dt_socket,address=127.0.0.1:53871,suspend=y,server=n -XX:TieredStopAtLevel=1 -Xverify:none -Dspring.output.ansi.enabled=always -Dcom.sun.management.jmxremote -Dspring.jmx.enabled=true -Dspring.liveBeansView.mbeanDomain -Dspring.application.admin.enabled=true -Dmanagement.endpoints.jmx.exposure.include=* -javaagent:C:\Users\hc185\AppData\Local\JetBrains\IntelliJIdea2024.2\captureAgent\debugger-agent.jar -Dkotlinx.coroutines.debug.enable.creation.stack.trace=false -Ddebugger.agent.enable.coroutines=true -Dfile.encoding=UTF-8 
java_command: com.qiguliuxing.dts.admin.api.Application
java_class_path (initial): C:\Program Files\Java\jdk-1.8\jre\lib\charsets.jar;C:\Program Files\Java\jdk-1.8\jre\lib\deploy.jar;C:\Program Files\Java\jdk-1.8\jre\lib\ext\access-bridge-64.jar;C:\Program Files\Java\jdk-1.8\jre\lib\ext\cldrdata.jar;C:\Program Files\Java\jdk-1.8\jre\lib\ext\dnsns.jar;C:\Program Files\Java\jdk-1.8\jre\lib\ext\jaccess.jar;C:\Program Files\Java\jdk-1.8\jre\lib\ext\jfxrt.jar;C:\Program Files\Java\jdk-1.8\jre\lib\ext\localedata.jar;C:\Program Files\Java\jdk-1.8\jre\lib\ext\nashorn.jar;C:\Program Files\Java\jdk-1.8\jre\lib\ext\sunec.jar;C:\Program Files\Java\jdk-1.8\jre\lib\ext\sunjce_provider.jar;C:\Program Files\Java\jdk-1.8\jre\lib\ext\sunmscapi.jar;C:\Program Files\Java\jdk-1.8\jre\lib\ext\sunpkcs11.jar;C:\Program Files\Java\jdk-1.8\jre\lib\ext\zipfs.jar;C:\Program Files\Java\jdk-1.8\jre\lib\javaws.jar;C:\Program Files\Java\jdk-1.8\jre\lib\jce.jar;C:\Program Files\Java\jdk-1.8\jre\lib\jfr.jar;C:\Program Files\Java\jdk-1.8\jre\lib\jfxswt.jar;C:\Program Files\Java\jdk-1.8\jre\lib\jsse.jar;C:\Program Files\Java\jdk-1.8\jre\lib\management-agent.jar;C:\Program Files\Java\jdk-1.8\jre\lib\plugin.jar;C:\Program Files\Java\jdk-1.8\jre\lib\resources.jar;C:\Program Files\Java\jdk-1.8\jre\lib\rt.jar;C:\yfsshop\dts-shop-master\dts-shop-master\dts-admin-api\target\classes;C:\yfsshop\dts-shop-master\dts-shop-master\dts-core\target\classes;C:\yfsshop\repository\org\hibernate\validator\hibernate-validator\6.0.15.Final\hibernate-validator-6.0.15.Final.jar;C:\yfsshop\repository\javax\validation\validation-api\2.0.1.Final\validation-api-2.0.1.Final.jar;C:\yfsshop\repository\org\jboss\logging\jboss-logging\3.3.2.Final\jboss-logging-3.3.2.Final.jar;C:\yfsshop\repository\com\fasterxml\classmate\1.3.4\classmate-1.3.4.jar;C:\yfsshop\repository\org\springframework\boot\spring-boot-starter-web\2.0.4.RELEASE\spring-boot-starter-web-2.0.4.RELEASE.jar;C:\yfsshop\repository\org\springframework\boot\spring-boot-starter-tomcat\2.0.4.RELEASE\spring-boot-starter-tomcat-2.
Launcher Type: SUN_STANDARD

Environment Variables:
JAVA_HOME=C:\Program Files\Java\jdk-1.8
CLASSPATH=.;C:\Program Files\Java\jdk-1.8\lib\dt.jar;C:\Program Files\Java\jdk-1.8\lib\tools.jar;
PATH=C:\Program Files (x86)\ShadowBot;C:\Program Files\Common Files\Oracle\Java\javapath;C:\Program Files (x86)\Common Files\Oracle\Java\javapath;C:\Windows\system32;C:\Windows;C:\Windows\System32\Wbem;C:\Windows\System32\WindowsPowerShell\v1.0\;C:\Windows\System32\OpenSSH\;C:\Program Files\dotnet\;"C:\Program Files\Java\jdk-23\bin;C:\Program Files\Java\jdk-23\jre\bin";C:\SoftWare\Maven\apache-maven-3.9.9-bin\apache-maven-3.9.9\bin;;C:\WINDOWS\system32;C:\WINDOWS;C:\WINDOWS\System32\Wbem;C:\WINDOWS\System32\WindowsPowerShell\v1.0\;C:\WINDOWS\System32\OpenSSH\;C:\Program Files (x86)\Tencent\微信web开发者工具\dll;C:\Program Files\nodejs\;C:\Program Files (x86)\ShadowBot;C:\Users\hc185\AppData\Local\Microsoft\WindowsApps;;C:\Users\hc185\AppData\Local\Microsoft\WindowsApps;C:\Users\hc185\AppData\Local\Programs\Microsoft VS Code\bin;C:\Users\hc185\AppData\Roaming\npm
USERNAME=hc185
OS=Windows_NT
PROCESSOR_IDENTIFIER=Intel64 Family 6 Model 165 Stepping 5, GenuineIntel



---------------  S Y S T E M  ---------------

OS: Windows 11 , 64 bit Build 26100 (10.0.26100.3323)

CPU:total 16 (initial active 16) (8 cores per cpu, 2 threads per core) family 6 model 165 stepping 5, cmov, cx8, fxsr, mmx, sse, sse2, sse3, ssse3, sse4.1, sse4.2, popcnt, avx, avx2, aes, clmul, erms, 3dnowpref, lzcnt, ht, tsc, tscinvbit, bmi1, bmi2, adx

Memory: 4k page, physical 33467112k(14708988k free), swap 38709992k(8026820k free)

vm_info: Java HotSpot(TM) 64-Bit Server VM (25.371-b11) for windows-amd64 JRE (1.8.0_371-b11), built on Mar 17 2023 04:03:45 by "java_re" with MS VC++ 17.1 (VS2022)

time: Wed Mar 26 17:16:10 2025
timezone: Intel64 Family 6 Model 165 Stepping 5, GenuineIntel
elapsed time: 81835.084014 seconds (0d 22h 43m 55s)

